TN:
SF:src\main\auditLogger.ts
FN:32,(anonymous_0)
FN:49,(anonymous_1)
FN:69,(anonymous_2)
FN:80,(anonymous_3)
FN:91,(anonymous_4)
FN:101,(anonymous_5)
FNF:6
FNH:6
FNDA:11,(anonymous_0)
FNDA:11,(anonymous_1)
FNDA:1,(anonymous_2)
FNDA:1,(anonymous_3)
FNDA:1,(anonymous_4)
FNDA:9,(anonymous_5)
DA:23,14
DA:24,14
DA:27,14
DA:28,14
DA:29,14
DA:33,11
DA:34,11
DA:35,11
DA:36,1
DA:38,10
DA:39,10
DA:41,1
DA:50,11
DA:55,11
DA:56,11
DA:58,11
DA:59,9
DA:60,9
DA:61,9
DA:70,1
DA:81,1
DA:92,1
DA:102,9
DA:103,9
DA:104,3
DA:105,3
DA:107,1
DA:108,5
DA:109,5
DA:110,5
DA:111,1
DA:112,0
DA:114,1
DA:115,1
DA:116,0
DA:117,0
DA:127,14
LF:37
LH:34
BRDA:35,0,0,1
BRDA:35,0,1,10
BRDA:58,1,0,9
BRDA:58,1,1,2
BRDA:69,2,0,1
BRDA:80,3,0,1
BRDA:91,4,0,1
BRDA:103,5,0,6
BRDA:103,5,1,3
BRDA:105,6,0,2
BRDA:105,6,1,1
BRDA:109,7,0,1
BRDA:109,7,1,4
BRDA:110,8,0,1
BRDA:110,8,1,4
BRDA:111,9,0,0
BRDA:111,9,1,1
BRDA:111,10,0,1
BRDA:111,10,1,0
BRDA:114,11,0,1
BRDA:114,11,1,0
BRDA:116,12,0,0
BRDA:116,12,1,0
BRF:23
BRH:18
end_of_record
TN:
SF:src\main\config.ts
FN:10,envInt
FN:17,envString
FNF:2
FNH:2
FNDA:52,envInt
FNDA:26,envString
DA:11,52
DA:12,52
DA:13,4
DA:14,4
DA:18,26
DA:22,13
DA:24,13
LF:7
LH:7
BRDA:12,0,0,48
BRDA:12,0,1,4
BRDA:14,1,0,1
BRDA:14,1,1,3
BRDA:18,2,0,26
BRDA:18,2,1,24
BRDA:29,3,0,2
BRDA:29,3,1,11
BRF:8
BRH:8
end_of_record
TN:
SF:src\main\jiraHandler.ts
FN:34,createJiraClient
FN:45,formatDate
FN:57,registerJiraHandlers
FN:61,(anonymous_3)
FN:76,(anonymous_4)
FN:98,(anonymous_5)
FNF:6
FNH:6
FNDA:11,createJiraClient
FNDA:2,formatDate
FNDA:14,registerJiraHandlers
FNDA:5,(anonymous_3)
FNDA:2,(anonymous_4)
FNDA:7,(anonymous_5)
DA:35,11
DA:36,11
DA:46,2
DA:47,2
DA:48,2
DA:49,2
DA:50,2
DA:51,2
DA:52,2
DA:53,0
DA:54,0
DA:59,14
DA:62,5
DA:63,5
DA:65,5
DA:66,5
DA:67,5
DA:68,5
DA:69,5
DA:70,5
DA:72,5
DA:76,3
DA:85,3
DA:86,3
DA:88,2
DA:89,2
DA:90,2
DA:96,14
DA:100,7
DA:101,1
DA:104,6
DA:105,6
DA:107,6
DA:108,6
DA:110,6
DA:111,12
DA:112,12
DA:114,8
DA:117,5
DA:119,2
DA:120,2
DA:122,2
DA:123,2
DA:125,9
DA:127,3
DA:128,3
DA:129,3
DA:133,6
DA:134,2
DA:136,4
DA:138,6
LF:51
LH:49
BRDA:50,0,0,0
BRDA:50,0,1,2
BRDA:51,1,0,0
BRDA:51,1,1,2
BRDA:52,2,0,2
BRDA:52,2,1,0
BRDA:53,3,0,0
BRDA:53,3,1,0
BRDA:61,4,0,5
BRDA:81,5,0,2
BRDA:81,5,1,1
BRDA:88,6,0,2
BRDA:88,6,1,1
BRDA:88,6,2,0
BRDA:100,7,0,1
BRDA:100,7,1,6
BRDA:112,8,0,8
BRDA:112,8,1,2
BRDA:112,8,2,2
BRDA:128,9,0,3
BRDA:128,9,1,3
BRDA:128,9,2,0
BRDA:133,10,0,2
BRDA:133,10,1,4
BRF:24
BRH:17
end_of_record
TN:
SF:src\main\logger.ts
FN:24,(anonymous_0)
FN:40,(anonymous_1)
FN:44,(anonymous_2)
FN:48,(anonymous_3)
FN:52,(anonymous_4)
FN:56,(anonymous_5)
FN:83,(anonymous_6)
FNF:7
FNH:7
FNDA:6,(anonymous_0)
FNDA:2,(anonymous_1)
FNDA:10,(anonymous_2)
FNDA:2,(anonymous_3)
FNDA:1,(anonymous_4)
FNDA:15,(anonymous_5)
FNDA:14,(anonymous_6)
DA:7,6
DA:14,6
DA:15,6
DA:18,6
DA:19,6
DA:20,6
DA:21,6
DA:25,6
DA:26,6
DA:27,6
DA:28,6
DA:29,0
DA:31,6
DA:32,6
DA:33,6
DA:36,0
DA:41,2
DA:45,10
DA:49,2
DA:53,1
DA:57,15
DA:59,14
DA:60,14
DA:61,14
DA:62,15
DA:65,15
DA:66,1
DA:67,10
DA:68,2
DA:69,1
DA:73,14
DA:74,14
DA:75,14
DA:76,14
DA:84,14
DA:85,14
DA:86,8
DA:87,8
DA:90,0
DA:91,0
DA:92,0
DA:93,0
DA:94,0
DA:95,0
DA:97,0
DA:98,0
DA:99,0
DA:100,0
DA:111,6
LF:49
LH:37
BRDA:24,0,0,6
BRDA:28,1,0,0
BRDA:28,1,1,6
BRDA:57,2,0,1
BRDA:57,2,1,14
BRDA:61,3,0,7
BRDA:61,3,1,7
BRDA:65,4,0,1
BRDA:65,4,1,10
BRDA:65,4,2,2
BRDA:65,4,3,1
BRDA:73,5,0,14
BRDA:73,5,1,0
BRDA:85,6,0,6
BRDA:85,6,1,8
BRDA:87,7,0,8
BRDA:87,7,1,0
BRDA:92,8,0,0
BRDA:92,8,1,0
BRDA:93,9,0,0
BRDA:93,9,1,0
BRDA:94,10,0,0
BRDA:94,10,1,0
BRDA:94,11,0,0
BRDA:94,11,1,0
BRDA:97,12,0,0
BRDA:97,12,1,0
BRDA:99,13,0,0
BRDA:99,13,1,0
BRF:29
BRH:14
end_of_record
TN:
SF:src\main\main.ts
FN:17,getResourcePath
FN:50,executePowerShellScript
FN:68,(anonymous_2)
FN:75,executePowerShellScriptOnce
FN:76,(anonymous_4)
FN:107,(anonymous_5)
FN:121,(anonymous_6)
FN:129,(anonymous_7)
FN:133,(anonymous_8)
FN:173,(anonymous_9)
FN:186,createWindow
FN:208,(anonymous_11)
FN:220,(anonymous_12)
FN:238,(anonymous_13)
FN:245,createTray
FN:254,(anonymous_15)
FN:264,(anonymous_16)
FN:271,(anonymous_17)
FN:279,(anonymous_18)
FN:289,(anonymous_19)
FN:296,(anonymous_20)
FN:308,(anonymous_21)
FN:322,(anonymous_22)
FN:356,(anonymous_23)
FN:370,(anonymous_24)
FN:423,(anonymous_25)
FN:449,(anonymous_26)
FN:474,(anonymous_27)
FN:490,(anonymous_28)
FN:504,(anonymous_29)
FN:516,(anonymous_30)
FN:532,(anonymous_31)
FN:549,(anonymous_32)
FN:561,(anonymous_33)
FN:575,(anonymous_34)
FN:619,(anonymous_35)
FN:643,(anonymous_36)
FN:662,(anonymous_37)
FN:679,(anonymous_38)
FN:688,(anonymous_39)
FNF:40
FNH:0
FNDA:0,getResourcePath
FNDA:0,executePowerShellScript
FNDA:0,(anonymous_2)
FNDA:0,executePowerShellScriptOnce
FNDA:0,(anonymous_4)
FNDA:0,(anonymous_5)
FNDA:0,(anonymous_6)
FNDA:0,(anonymous_7)
FNDA:0,(anonymous_8)
FNDA:0,(anonymous_9)
FNDA:0,createWindow
FNDA:0,(anonymous_11)
FNDA:0,(anonymous_12)
FNDA:0,(anonymous_13)
FNDA:0,createTray
FNDA:0,(anonymous_15)
FNDA:0,(anonymous_16)
FNDA:0,(anonymous_17)
FNDA:0,(anonymous_18)
FNDA:0,(anonymous_19)
FNDA:0,(anonymous_20)
FNDA:0,(anonymous_21)
FNDA:0,(anonymous_22)
FNDA:0,(anonymous_23)
FNDA:0,(anonymous_24)
FNDA:0,(anonymous_25)
FNDA:0,(anonymous_26)
FNDA:0,(anonymous_27)
FNDA:0,(anonymous_28)
FNDA:0,(anonymous_29)
FNDA:0,(anonymous_30)
FNDA:0,(anonymous_31)
FNDA:0,(anonymous_32)
FNDA:0,(anonymous_33)
FNDA:0,(anonymous_34)
FNDA:0,(anonymous_35)
FNDA:0,(anonymous_36)
FNDA:0,(anonymous_37)
FNDA:0,(anonymous_38)
FNDA:0,(anonymous_39)
DA:18,0
DA:19,0
DA:51,0
DA:53,0
DA:54,0
DA:55,0
DA:57,0
DA:58,0
DA:60,0
DA:61,0
DA:68,0
DA:72,0
DA:76,0
DA:77,0
DA:83,0
DA:86,0
DA:87,0
DA:88,0
DA:89,0
DA:93,0
DA:94,0
DA:95,0
DA:99,0
DA:101,0
DA:102,0
DA:103,0
DA:104,0
DA:106,0
DA:107,0
DA:108,0
DA:109,0
DA:111,0
DA:112,0
DA:114,0
DA:121,0
DA:122,0
DA:123,0
DA:124,0
DA:125,0
DA:129,0
DA:130,0
DA:133,0
DA:134,0
DA:135,0
DA:138,0
DA:139,0
DA:142,0
DA:150,0
DA:151,0
DA:152,0
DA:153,0
DA:154,0
DA:155,0
DA:156,0
DA:158,0
DA:159,0
DA:162,0
DA:163,0
DA:165,0
DA:166,0
DA:168,0
DA:169,0
DA:173,0
DA:174,0
DA:175,0
DA:176,0
DA:178,0
DA:179,0
DA:184,0
DA:187,0
DA:204,0
DA:208,0
DA:209,0
DA:218,0
DA:220,0
DA:221,0
DA:222,0
DA:223,0
DA:224,0
DA:225,0
DA:226,0
DA:228,0
DA:231,0
DA:233,0
DA:235,0
DA:238,0
DA:239,0
DA:243,0
DA:246,0
DA:247,0
DA:248,0
DA:249,0
DA:251,0
DA:255,0
DA:256,0
DA:257,0
DA:265,0
DA:270,0
DA:271,0
DA:272,0
DA:273,0
DA:274,0
DA:279,0
DA:280,0
DA:281,0
DA:282,0
DA:283,0
DA:284,0
DA:286,0
DA:287,0
DA:289,0
DA:290,0
DA:291,0
DA:296,0
DA:297,0
DA:298,0
DA:308,0
DA:309,0
DA:310,0
DA:312,0
DA:322,0
DA:324,0
DA:325,0
DA:326,0
DA:327,0
DA:329,0
DA:331,0
DA:333,0
DA:335,0
DA:336,0
DA:343,0
DA:344,0
DA:345,0
DA:347,0
DA:348,0
DA:349,0
DA:356,0
DA:357,0
DA:358,0
DA:360,0
DA:361,0
DA:363,0
DA:364,0
DA:365,0
DA:366,0
DA:367,0
DA:368,0
DA:369,0
DA:370,0
DA:371,0
DA:372,0
DA:373,0
DA:377,0
DA:382,0
DA:383,0
DA:384,0
DA:385,0
DA:388,0
DA:392,0
DA:406,0
DA:407,0
DA:413,0
DA:414,0
DA:416,0
DA:417,0
DA:423,0
DA:424,0
DA:425,0
DA:427,0
DA:428,0
DA:430,0
DA:432,0
DA:433,0
DA:439,0
DA:440,0
DA:442,0
DA:443,0
DA:449,0
DA:450,0
DA:451,0
DA:453,0
DA:454,0
DA:456,0
DA:458,0
DA:459,0
DA:465,0
DA:466,0
DA:468,0
DA:469,0
DA:474,0
DA:475,0
DA:476,0
DA:477,0
DA:478,0
DA:482,0
DA:483,0
DA:485,0
DA:486,0
DA:490,0
DA:491,0
DA:492,0
DA:493,0
DA:499,0
DA:504,0
DA:505,0
DA:506,0
DA:507,0
DA:510,0
DA:511,0
DA:512,0
DA:516,0
DA:517,0
DA:518,0
DA:520,0
DA:524,0
DA:526,0
DA:528,0
DA:532,0
DA:533,0
DA:534,0
DA:536,0
DA:537,0
DA:540,0
DA:541,0
DA:543,0
DA:545,0
DA:549,0
DA:550,0
DA:551,0
DA:553,0
DA:554,0
DA:557,0
DA:558,0
DA:561,0
DA:564,0
DA:566,0
DA:568,0
DA:575,0
DA:576,0
DA:577,0
DA:579,0
DA:580,0
DA:586,0
DA:587,0
DA:588,0
DA:599,0
DA:606,0
DA:607,0
DA:619,0
DA:620,0
DA:621,0
DA:623,0
DA:626,0
DA:627,0
DA:628,0
DA:632,0
DA:635,0
DA:637,0
DA:639,0
DA:643,0
DA:644,0
DA:645,0
DA:647,0
DA:648,0
DA:651,0
DA:652,0
DA:654,0
DA:656,0
DA:658,0
DA:662,0
DA:663,0
DA:664,0
DA:665,0
DA:666,0
DA:670,0
DA:671,0
DA:673,0
DA:674,0
DA:679,0
DA:680,0
DA:688,0
DA:689,0
DA:690,0
DA:692,0
DA:693,0
DA:696,0
DA:698,0
DA:699,0
DA:700,0
DA:701,0
DA:702,0
DA:704,0
DA:705,0
LF:293
LH:0
BRDA:18,0,0,0
BRDA:18,0,1,0
BRDA:51,1,0,0
BRDA:51,1,1,0
BRDA:58,2,0,0
BRDA:58,2,1,0
BRDA:66,3,0,0
BRDA:66,3,1,0
BRDA:66,3,2,0
BRDA:86,4,0,0
BRDA:86,4,1,0
BRDA:93,5,0,0
BRDA:93,5,1,0
BRDA:106,6,0,0
BRDA:106,6,1,0
BRDA:106,7,0,0
BRDA:106,7,1,0
BRDA:111,8,0,0
BRDA:111,8,1,0
BRDA:111,9,0,0
BRDA:111,9,1,0
BRDA:124,10,0,0
BRDA:124,10,1,0
BRDA:124,11,0,0
BRDA:124,11,1,0
BRDA:134,12,0,0
BRDA:134,12,1,0
BRDA:135,13,0,0
BRDA:135,13,1,0
BRDA:138,14,0,0
BRDA:138,14,1,0
BRDA:138,15,0,0
BRDA:138,15,1,0
BRDA:147,16,0,0
BRDA:147,16,1,0
BRDA:150,17,0,0
BRDA:150,17,1,0
BRDA:150,18,0,0
BRDA:150,18,1,0
BRDA:153,19,0,0
BRDA:153,19,1,0
BRDA:165,20,0,0
BRDA:165,20,1,0
BRDA:169,21,0,0
BRDA:169,21,1,0
BRDA:169,21,2,0
BRDA:174,22,0,0
BRDA:174,22,1,0
BRDA:175,23,0,0
BRDA:175,23,1,0
BRDA:175,24,0,0
BRDA:175,24,1,0
BRDA:204,25,0,0
BRDA:204,25,1,0
BRDA:218,26,0,0
BRDA:218,26,1,0
BRDA:255,27,0,0
BRDA:255,27,1,0
BRDA:272,28,0,0
BRDA:272,28,1,0
BRDA:284,29,0,0
BRDA:284,29,1,0
BRDA:290,30,0,0
BRDA:290,30,1,0
BRDA:297,31,0,0
BRDA:297,31,1,0
BRDA:325,32,0,0
BRDA:325,32,1,0
BRDA:347,33,0,0
BRDA:347,33,1,0
BRDA:347,33,2,0
BRDA:348,34,0,0
BRDA:348,34,1,0
BRDA:348,34,2,0
BRDA:357,35,0,0
BRDA:357,35,1,0
BRDA:364,36,0,0
BRDA:364,36,1,0
BRDA:367,37,0,0
BRDA:367,37,1,0
BRDA:371,38,0,0
BRDA:371,38,1,0
BRDA:383,39,0,0
BRDA:383,39,1,0
BRDA:383,40,0,0
BRDA:383,40,1,0
BRDA:398,41,0,0
BRDA:398,41,1,0
BRDA:399,42,0,0
BRDA:399,42,1,0
BRDA:400,43,0,0
BRDA:400,43,1,0
BRDA:401,44,0,0
BRDA:401,44,1,0
BRDA:416,45,0,0
BRDA:416,45,1,0
BRDA:416,45,2,0
BRDA:424,46,0,0
BRDA:424,46,1,0
BRDA:442,47,0,0
BRDA:442,47,1,0
BRDA:442,47,2,0
BRDA:450,48,0,0
BRDA:450,48,1,0
BRDA:468,49,0,0
BRDA:468,49,1,0
BRDA:468,49,2,0
BRDA:485,50,0,0
BRDA:485,50,1,0
BRDA:485,50,2,0
BRDA:510,51,0,0
BRDA:510,51,1,0
BRDA:517,52,0,0
BRDA:517,52,1,0
BRDA:536,53,0,0
BRDA:536,53,1,0
BRDA:553,54,0,0
BRDA:553,54,1,0
BRDA:586,55,0,0
BRDA:586,55,1,0
BRDA:586,56,0,0
BRDA:586,56,1,0
BRDA:606,57,0,0
BRDA:606,57,1,0
BRDA:606,57,2,0
BRDA:610,58,0,0
BRDA:610,58,1,0
BRDA:626,59,0,0
BRDA:626,59,1,0
BRDA:647,60,0,0
BRDA:647,60,1,0
BRDA:654,61,0,0
BRDA:654,61,1,0
BRDA:673,62,0,0
BRDA:673,62,1,0
BRDA:673,62,2,0
BRDA:689,63,0,0
BRDA:689,63,1,0
BRDA:692,64,0,0
BRDA:692,64,1,0
BRDA:692,65,0,0
BRDA:692,65,1,0
BRDA:704,66,0,0
BRDA:704,66,1,0
BRDA:705,67,0,0
BRDA:705,67,1,0
BRF:146
BRH:0
end_of_record
TN:
SF:src\main\rateLimiter.ts
FN:15,rateLimited
FN:19,(anonymous_1)
FN:34,_getInFlightOps
FNF:3
FNH:3
FNDA:7,rateLimited
FNDA:9,(anonymous_1)
FNDA:8,_getInFlightOps
DA:9,1
DA:19,7
DA:20,9
DA:21,1
DA:22,1
DA:24,8
DA:25,8
DA:26,8
DA:28,8
DA:35,8
LF:10
LH:10
BRDA:20,0,0,1
BRDA:20,0,1,8
BRF:2
BRH:2
end_of_record
TN:
SF:src\main\roleManager.ts
FN:39,(anonymous_0)
FN:52,(anonymous_1)
FN:57,(anonymous_2)
FN:76,(anonymous_3)
FN:82,(anonymous_4)
FN:91,(anonymous_5)
FN:95,(anonymous_6)
FN:105,(anonymous_7)
FNF:8
FNH:8
FNDA:15,(anonymous_0)
FNDA:8,(anonymous_1)
FNDA:7,(anonymous_2)
FNDA:14,(anonymous_3)
FNDA:2,(anonymous_4)
FNDA:1,(anonymous_5)
FNDA:14,(anonymous_6)
FNDA:18,(anonymous_7)
DA:26,17
DA:35,17
DA:36,17
DA:40,15
DA:41,15
DA:42,15
DA:43,15
DA:45,1
DA:47,1
DA:53,8
DA:58,7
DA:64,7
DA:65,7
DA:66,7
DA:68,1
DA:69,1
DA:72,6
DA:77,14
DA:78,8
DA:83,2
DA:92,1
DA:96,14
DA:97,14
DA:98,1
DA:101,13
DA:106,18
DA:107,18
DA:108,5
DA:109,5
DA:114,14
DA:118,17
LF:31
LH:31
BRDA:77,0,0,6
BRDA:77,0,1,8
BRDA:85,1,0,2
BRDA:85,1,1,1
BRDA:86,2,0,2
BRDA:86,2,1,1
BRDA:97,3,0,1
BRDA:97,3,1,13
BRDA:97,4,0,14
BRDA:97,4,1,2
BRDA:97,4,2,2
BRDA:107,5,0,5
BRDA:107,5,1,13
BRF:13
BRH:13
end_of_record
TN:
SF:src\preload\preload.ts
FN:7,(anonymous_0)
FN:11,(anonymous_1)
FN:12,(anonymous_2)
FN:16,(anonymous_3)
FN:21,(anonymous_4)
FN:24,(anonymous_5)
FN:25,(anonymous_6)
FN:28,(anonymous_7)
FN:33,(anonymous_8)
FN:36,(anonymous_9)
FN:37,(anonymous_10)
FN:40,(anonymous_11)
FN:45,(anonymous_12)
FN:48,(anonymous_13)
FN:49,(anonymous_14)
FN:52,(anonymous_15)
FN:57,(anonymous_16)
FN:60,(anonymous_17)
FN:61,(anonymous_18)
FN:64,(anonymous_19)
FN:69,(anonymous_20)
FN:72,(anonymous_21)
FN:75,(anonymous_22)
FN:79,(anonymous_23)
FN:82,(anonymous_24)
FN:85,(anonymous_25)
FN:89,(anonymous_26)
FN:93,(anonymous_27)
FN:96,(anonymous_28)
FN:100,(anonymous_29)
FN:103,(anonymous_30)
FN:107,(anonymous_31)
FN:110,(anonymous_32)
FNF:33
FNH:0
FNDA:0,(anonymous_0)
FNDA:0,(anonymous_1)
FNDA:0,(anonymous_2)
FNDA:0,(anonymous_3)
FNDA:0,(anonymous_4)
FNDA:0,(anonymous_5)
FNDA:0,(anonymous_6)
FNDA:0,(anonymous_7)
FNDA:0,(anonymous_8)
FNDA:0,(anonymous_9)
FNDA:0,(anonymous_10)
FNDA:0,(anonymous_11)
FNDA:0,(anonymous_12)
FNDA:0,(anonymous_13)
FNDA:0,(anonymous_14)
FNDA:0,(anonymous_15)
FNDA:0,(anonymous_16)
FNDA:0,(anonymous_17)
FNDA:0,(anonymous_18)
FNDA:0,(anonymous_19)
FNDA:0,(anonymous_20)
FNDA:0,(anonymous_21)
FNDA:0,(anonymous_22)
FNDA:0,(anonymous_23)
FNDA:0,(anonymous_24)
FNDA:0,(anonymous_25)
FNDA:0,(anonymous_26)
FNDA:0,(anonymous_27)
FNDA:0,(anonymous_28)
FNDA:0,(anonymous_29)
FNDA:0,(anonymous_30)
FNDA:0,(anonymous_31)
FNDA:0,(anonymous_32)
DA:5,0
DA:8,0
DA:12,0
DA:17,0
DA:22,0
DA:25,0
DA:29,0
DA:34,0
DA:37,0
DA:41,0
DA:46,0
DA:49,0
DA:53,0
DA:58,0
DA:61,0
DA:65,0
DA:70,0
DA:73,0
DA:76,0
DA:80,0
DA:83,0
DA:86,0
DA:90,0
DA:94,0
DA:97,0
DA:101,0
DA:104,0
DA:108,0
DA:111,0
LF:29
LH:0
BRF:0
BRH:0
end_of_record
TN:
SF:src\renderer\App.tsx
FN:43,App
FN:50,(anonymous_1)
FN:97,(anonymous_2)
FN:101,(anonymous_3)
FN:112,(anonymous_4)
FN:150,(anonymous_5)
FN:158,(anonymous_6)
FN:202,(anonymous_7)
FN:216,(anonymous_8)
FNF:9
FNH:0
FNDA:0,App
FNDA:0,(anonymous_1)
FNDA:0,(anonymous_2)
FNDA:0,(anonymous_3)
FNDA:0,(anonymous_4)
FNDA:0,(anonymous_5)
FNDA:0,(anonymous_6)
FNDA:0,(anonymous_7)
FNDA:0,(anonymous_8)
DA:41,0
DA:44,0
DA:45,0
DA:46,0
DA:48,0
DA:50,0
DA:51,0
DA:54,0
DA:62,0
DA:98,0
DA:101,0
DA:112,0
DA:113,0
DA:115,0
DA:117,0
DA:119,0
DA:121,0
DA:123,0
DA:127,0
DA:150,0
DA:158,0
DA:202,0
DA:216,0
LF:23
LH:0
BRDA:48,0,0,0
BRDA:48,0,1,0
BRDA:113,1,0,0
BRDA:113,1,1,0
BRDA:113,1,2,0
BRDA:113,1,3,0
BRDA:113,1,4,0
BRDA:150,2,0,0
BRDA:150,2,1,0
BRDA:159,3,0,0
BRDA:159,3,1,0
BRDA:202,4,0,0
BRDA:202,4,1,0
BRDA:216,5,0,0
BRDA:216,5,1,0
BRF:15
BRH:0
end_of_record
TN:
SF:src\renderer\electronAPI.ts
FN:37,(anonymous_0)
FN:45,(anonymous_1)
FN:49,(anonymous_2)
FN:53,(anonymous_3)
FN:61,(anonymous_4)
FN:65,(anonymous_5)
FN:69,(anonymous_6)
FN:77,(anonymous_7)
FN:81,(anonymous_8)
FN:85,(anonymous_9)
FN:93,(anonymous_10)
FN:97,(anonymous_11)
FN:101,(anonymous_12)
FN:109,(anonymous_13)
FN:113,(anonymous_14)
FN:117,(anonymous_15)
FN:130,(anonymous_16)
FN:145,(anonymous_17)
FN:158,(anonymous_18)
FN:161,(anonymous_19)
FN:174,(anonymous_20)
FN:183,(anonymous_21)
FN:186,(anonymous_22)
FN:195,(anonymous_23)
FN:205,(anonymous_24)
FN:220,(anonymous_25)
FN:234,(anonymous_26)
FN:239,(anonymous_27)
FN:244,(anonymous_28)
FN:249,(anonymous_29)
FNF:30
FNH:0
FNDA:0,(anonymous_0)
FNDA:0,(anonymous_1)
FNDA:0,(anonymous_2)
FNDA:0,(anonymous_3)
FNDA:0,(anonymous_4)
FNDA:0,(anonymous_5)
FNDA:0,(anonymous_6)
FNDA:0,(anonymous_7)
FNDA:0,(anonymous_8)
FNDA:0,(anonymous_9)
FNDA:0,(anonymous_10)
FNDA:0,(anonymous_11)
FNDA:0,(anonymous_12)
FNDA:0,(anonymous_13)
FNDA:0,(anonymous_14)
FNDA:0,(anonymous_15)
FNDA:0,(anonymous_16)
FNDA:0,(anonymous_17)
FNDA:0,(anonymous_18)
FNDA:0,(anonymous_19)
FNDA:0,(anonymous_20)
FNDA:0,(anonymous_21)
FNDA:0,(anonymous_22)
FNDA:0,(anonymous_23)
FNDA:0,(anonymous_24)
FNDA:0,(anonymous_25)
FNDA:0,(anonymous_26)
FNDA:0,(anonymous_27)
FNDA:0,(anonymous_28)
FNDA:0,(anonymous_29)
DA:36,0
DA:38,0
DA:39,0
DA:46,0
DA:50,0
DA:54,0
DA:55,0
DA:62,0
DA:66,0
DA:70,0
DA:71,0
DA:78,0
DA:82,0
DA:86,0
DA:87,0
DA:94,0
DA:98,0
DA:102,0
DA:103,0
DA:110,0
DA:114,0
DA:118,0
DA:120,0
DA:121,0
DA:122,0
DA:123,0
DA:124,0
DA:126,0
DA:131,0
DA:133,0
DA:134,0
DA:135,0
DA:136,0
DA:137,0
DA:139,0
DA:141,0
DA:146,0
DA:147,0
DA:148,0
DA:149,0
DA:150,0
DA:151,0
DA:153,0
DA:159,0
DA:160,0
DA:161,0
DA:162,0
DA:163,0
DA:165,0
DA:167,0
DA:168,0
DA:170,0
DA:175,0
DA:176,0
DA:177,0
DA:179,0
DA:184,0
DA:185,0
DA:186,0
DA:187,0
DA:188,0
DA:190,0
DA:196,0
DA:206,0
DA:207,0
DA:208,0
DA:209,0
DA:210,0
DA:212,0
DA:213,0
DA:214,0
DA:216,0
DA:221,0
DA:222,0
DA:223,0
DA:224,0
DA:226,0
DA:227,0
DA:228,0
DA:230,0
DA:235,0
DA:236,0
DA:240,0
DA:241,0
DA:245,0
DA:246,0
DA:250,0
DA:251,0
DA:259,0
DA:260,0
DA:265,0
LF:91
LH:0
BRDA:121,0,0,0
BRDA:121,0,1,0
BRDA:134,1,0,0
BRDA:134,1,1,0
BRDA:136,2,0,0
BRDA:136,2,1,0
BRDA:148,3,0,0
BRDA:148,3,1,0
BRDA:160,4,0,0
BRDA:160,4,1,0
BRDA:162,5,0,0
BRDA:162,5,1,0
BRDA:176,6,0,0
BRDA:176,6,1,0
BRDA:185,7,0,0
BRDA:185,7,1,0
BRDA:209,8,0,0
BRDA:209,8,1,0
BRDA:223,9,0,0
BRDA:223,9,1,0
BRDA:227,10,0,0
BRDA:227,10,1,0
BRDA:260,11,0,0
BRDA:260,11,1,0
BRF:24
BRH:0
end_of_record
TN:
SF:src\renderer\main.tsx
FNF:0
FNH:0
DA:6,0
LF:1
LH:0
BRF:0
BRH:0
end_of_record
TN:
SF:src\renderer\components\ADConnectionStatus.tsx
FN:22,(anonymous_0)
FN:33,(anonymous_1)
FN:47,(anonymous_2)
FN:51,(anonymous_3)
FN:105,(anonymous_4)
FN:109,(anonymous_5)
FN:171,(anonymous_6)
FN:175,(anonymous_7)
FNF:8
FNH:0
FNDA:0,(anonymous_0)
FNDA:0,(anonymous_1)
FNDA:0,(anonymous_2)
FNDA:0,(anonymous_3)
FNDA:0,(anonymous_4)
FNDA:0,(anonymous_5)
FNDA:0,(anonymous_6)
FNDA:0,(anonymous_7)
DA:22,0
DA:26,0
DA:27,0
DA:28,0
DA:29,0
DA:30,0
DA:33,0
DA:34,0
DA:35,0
DA:36,0
DA:37,0
DA:39,0
DA:40,0
DA:42,0
DA:44,0
DA:47,0
DA:48,0
DA:51,0
DA:52,0
DA:53,0
DA:56,0
DA:57,0
DA:67,0
DA:77,0
DA:78,0
DA:105,0
DA:109,0
DA:121,0
DA:171,0
DA:175,0
LF:30
LH:0
BRDA:23,0,0,0
BRDA:24,1,0,0
BRDA:34,2,0,0
BRDA:34,2,1,0
BRDA:34,3,0,0
BRDA:34,3,1,0
BRDA:34,3,2,0
BRDA:35,4,0,0
BRDA:35,4,1,0
BRDA:52,5,0,0
BRDA:52,5,1,0
BRDA:56,6,0,0
BRDA:56,6,1,0
BRDA:60,7,0,0
BRDA:60,7,1,0
BRDA:61,8,0,0
BRDA:61,8,1,0
BRDA:62,9,0,0
BRDA:62,9,1,0
BRDA:63,10,0,0
BRDA:63,10,1,0
BRDA:70,11,0,0
BRDA:70,11,1,0
BRDA:71,12,0,0
BRDA:71,12,1,0
BRDA:77,13,0,0
BRDA:77,13,1,0
BRDA:82,14,0,0
BRDA:82,14,1,0
BRDA:84,15,0,0
BRDA:84,15,1,0
BRDA:91,16,0,0
BRDA:91,16,1,0
BRDA:126,17,0,0
BRDA:126,17,1,0
BRDA:128,18,0,0
BRDA:128,18,1,0
BRDA:135,19,0,0
BRDA:135,19,1,0
BRDA:137,20,0,0
BRDA:137,20,1,0
BRDA:141,21,0,0
BRDA:141,21,1,0
BRDA:145,22,0,0
BRDA:145,22,1,0
BRDA:154,23,0,0
BRDA:154,23,1,0
BRF:47
BRH:0
end_of_record
TN:
SF:src\renderer\components\ADDisconnectedBanner.tsx
FN:20,(anonymous_0)
FN:24,(anonymous_1)
FN:34,(anonymous_2)
FN:77,(anonymous_3)
FNF:4
FNH:0
FNDA:0,(anonymous_0)
FNDA:0,(anonymous_1)
FNDA:0,(anonymous_2)
FNDA:0,(anonymous_3)
DA:20,0
DA:21,0
DA:22,0
DA:24,0
DA:27,0
DA:28,0
DA:30,0
DA:34,0
DA:35,0
DA:36,0
DA:40,0
DA:41,0
DA:44,0
DA:77,0
LF:14
LH:0
BRDA:20,0,0,0
BRDA:40,1,0,0
BRDA:40,1,1,0
BRDA:40,2,0,0
BRDA:40,2,1,0
BRDA:40,2,2,0
BRDA:40,2,3,0
BRDA:74,3,0,0
BRDA:74,3,1,0
BRDA:91,4,0,0
BRDA:91,4,1,0
BRF:11
BRH:0
end_of_record
TN:
SF:src\renderer\components\ErrorBoundary.tsx
FN:31,(anonymous_0)
FN:36,(anonymous_1)
FN:40,(anonymous_2)
FN:50,(anonymous_3)
FN:54,(anonymous_4)
FNF:5
FNH:5
FNDA:8,(anonymous_0)
FNDA:7,(anonymous_1)
FNDA:3,(anonymous_2)
FNDA:1,(anonymous_3)
FNDA:17,(anonymous_4)
DA:32,8
DA:33,8
DA:37,6
DA:41,3
DA:43,3
DA:50,1
DA:51,1
DA:55,17
DA:56,8
DA:59,9
DA:60,9
DA:62,9
LF:12
LH:12
BRDA:44,0,0,3
BRDA:44,0,1,1
BRDA:55,1,0,8
BRDA:55,1,1,9
BRDA:83,2,0,6
BRDA:83,2,1,3
BRDA:86,3,0,17
BRDA:86,3,1,0
BRF:8
BRH:7
end_of_record
TN:
SF:src\renderer\components\JobProfileManagement.tsx
FN:37,(anonymous_0)
FN:46,(anonymous_1)
FN:50,(anonymous_2)
FN:57,(anonymous_3)
FN:63,(anonymous_4)
FN:75,(anonymous_5)
FN:83,(anonymous_6)
FN:95,(anonymous_7)
FN:96,(anonymous_8)
FN:115,(anonymous_9)
FN:128,(anonymous_10)
FN:134,(anonymous_11)
FN:139,(anonymous_12)
FN:144,(anonymous_13)
FN:159,(anonymous_14)
FN:176,(anonymous_15)
FN:181,(anonymous_16)
FN:184,(anonymous_17)
FN:218,(anonymous_18)
FN:231,(anonymous_19)
FNF:20
FNH:0
FNDA:0,(anonymous_0)
FNDA:0,(anonymous_1)
FNDA:0,(anonymous_2)
FNDA:0,(anonymous_3)
FNDA:0,(anonymous_4)
FNDA:0,(anonymous_5)
FNDA:0,(anonymous_6)
FNDA:0,(anonymous_7)
FNDA:0,(anonymous_8)
FNDA:0,(anonymous_9)
FNDA:0,(anonymous_10)
FNDA:0,(anonymous_11)
FNDA:0,(anonymous_12)
FNDA:0,(anonymous_13)
FNDA:0,(anonymous_14)
FNDA:0,(anonymous_15)
FNDA:0,(anonymous_16)
FNDA:0,(anonymous_17)
FNDA:0,(anonymous_18)
FNDA:0,(anonymous_19)
DA:37,0
DA:38,0
DA:39,0
DA:40,0
DA:41,0
DA:42,0
DA:43,0
DA:44,0
DA:46,0
DA:47,0
DA:50,0
DA:51,0
DA:52,0
DA:53,0
DA:57,0
DA:58,0
DA:59,0
DA:60,0
DA:62,0
DA:63,0
DA:65,0
DA:67,0
DA:68,0
DA:69,0
DA:71,0
DA:72,0
DA:75,0
DA:76,0
DA:77,0
DA:78,0
DA:79,0
DA:80,0
DA:83,0
DA:84,0
DA:85,0
DA:86,0
DA:89,0
DA:90,0
DA:91,0
DA:95,0
DA:96,0
DA:97,0
DA:98,0
DA:99,0
DA:101,0
DA:107,0
DA:113,0
DA:115,0
DA:116,0
DA:120,0
DA:123,0
DA:124,0
DA:125,0
DA:126,0
DA:127,0
DA:128,0
DA:130,0
DA:134,0
DA:135,0
DA:136,0
DA:139,0
DA:140,0
DA:141,0
DA:142,0
DA:143,0
DA:144,0
DA:146,0
DA:150,0
DA:159,0
DA:177,0
DA:181,0
DA:184,0
DA:218,0
DA:231,0
LF:74
LH:0
BRDA:52,0,0,0
BRDA:52,0,1,0
BRDA:52,1,0,0
BRDA:52,1,1,0
BRDA:58,2,0,0
BRDA:58,2,1,0
BRDA:84,3,0,0
BRDA:84,3,1,0
BRDA:89,4,0,0
BRDA:89,4,1,0
BRDA:98,5,0,0
BRDA:98,5,1,0
BRDA:113,6,0,0
BRDA:113,6,1,0
BRDA:116,7,0,0
BRDA:116,7,1,0
BRDA:124,8,0,0
BRDA:124,8,1,0
BRDA:126,9,0,0
BRDA:126,9,1,0
BRDA:130,10,0,0
BRDA:130,10,1,0
BRDA:135,11,0,0
BRDA:135,11,1,0
BRDA:141,12,0,0
BRDA:141,12,1,0
BRDA:146,13,0,0
BRDA:146,13,1,0
BRDA:169,14,0,0
BRDA:169,14,1,0
BRDA:170,15,0,0
BRDA:170,15,1,0
BRDA:173,16,0,0
BRDA:173,16,1,0
BRDA:201,17,0,0
BRDA:201,17,1,0
BRDA:210,18,0,0
BRDA:210,18,1,0
BRDA:236,19,0,0
BRDA:236,19,1,0
BRF:40
BRH:0
end_of_record
TN:
SF:src\renderer\components\SiteManagement.tsx
FN:35,(anonymous_0)
FN:44,(anonymous_1)
FN:48,(anonymous_2)
FN:59,(anonymous_3)
FN:73,(anonymous_4)
FN:81,(anonymous_5)
FN:89,(anonymous_6)
FN:90,(anonymous_7)
FN:109,(anonymous_8)
FN:119,(anonymous_9)
FN:129,(anonymous_10)
FN:142,(anonymous_11)
FN:148,(anonymous_12)
FN:160,(anonymous_13)
FN:173,(anonymous_14)
FN:193,(anonymous_15)
FN:196,(anonymous_16)
FN:212,(anonymous_17)
FN:222,(anonymous_18)
FN:234,(anonymous_19)
FNF:20
FNH:0
FNDA:0,(anonymous_0)
FNDA:0,(anonymous_1)
FNDA:0,(anonymous_2)
FNDA:0,(anonymous_3)
FNDA:0,(anonymous_4)
FNDA:0,(anonymous_5)
FNDA:0,(anonymous_6)
FNDA:0,(anonymous_7)
FNDA:0,(anonymous_8)
FNDA:0,(anonymous_9)
FNDA:0,(anonymous_10)
FNDA:0,(anonymous_11)
FNDA:0,(anonymous_12)
FNDA:0,(anonymous_13)
FNDA:0,(anonymous_14)
FNDA:0,(anonymous_15)
FNDA:0,(anonymous_16)
FNDA:0,(anonymous_17)
FNDA:0,(anonymous_18)
FNDA:0,(anonymous_19)
DA:35,0
DA:36,0
DA:37,0
DA:38,0
DA:39,0
DA:40,0
DA:41,0
DA:42,0
DA:44,0
DA:45,0
DA:48,0
DA:49,0
DA:50,0
DA:51,0
DA:52,0
DA:55,0
DA:59,0
DA:60,0
DA:61,0
DA:62,0
DA:63,0
DA:65,0
DA:66,0
DA:67,0
DA:69,0
DA:70,0
DA:73,0
DA:74,0
DA:75,0
DA:76,0
DA:77,0
DA:78,0
DA:81,0
DA:82,0
DA:83,0
DA:84,0
DA:87,0
DA:89,0
DA:90,0
DA:92,0
DA:93,0
DA:94,0
DA:97,0
DA:103,0
DA:104,0
DA:105,0
DA:106,0
DA:107,0
DA:108,0
DA:109,0
DA:110,0
DA:112,0
DA:115,0
DA:119,0
DA:120,0
DA:121,0
DA:124,0
DA:125,0
DA:126,0
DA:127,0
DA:128,0
DA:129,0
DA:130,0
DA:132,0
DA:135,0
DA:139,0
DA:142,0
DA:148,0
DA:160,0
DA:174,0
DA:193,0
DA:196,0
DA:212,0
DA:222,0
DA:234,0
LF:75
LH:0
BRDA:51,0,0,0
BRDA:51,0,1,0
BRDA:51,1,0,0
BRDA:51,1,1,0
BRDA:60,2,0,0
BRDA:60,2,1,0
BRDA:82,3,0,0
BRDA:82,3,1,0
BRDA:92,4,0,0
BRDA:92,4,1,0
BRDA:98,5,0,0
BRDA:98,5,1,0
BRDA:105,6,0,0
BRDA:105,6,1,0
BRDA:110,7,0,0
BRDA:110,7,1,0
BRDA:112,8,0,0
BRDA:112,8,1,0
BRDA:115,9,0,0
BRDA:115,9,1,0
BRDA:120,10,0,0
BRDA:120,10,1,0
BRDA:126,11,0,0
BRDA:126,11,1,0
BRDA:130,12,0,0
BRDA:130,12,1,0
BRDA:132,13,0,0
BRDA:132,13,1,0
BRDA:135,14,0,0
BRDA:135,14,1,0
BRDA:141,15,0,0
BRDA:141,15,1,0
BRDA:147,16,0,0
BRDA:147,16,1,0
BRDA:147,16,2,0
BRDA:167,17,0,0
BRDA:167,17,1,0
BRDA:188,18,0,0
BRDA:188,18,1,0
BRDA:208,19,0,0
BRDA:208,19,1,0
BRDA:211,20,0,0
BRDA:211,20,1,0
BRDA:246,21,0,0
BRDA:246,21,1,0
BRF:45
BRH:0
end_of_record
TN:
SF:src\renderer\context\ADConnectionContext.tsx
FN:22,(anonymous_0)
FN:34,(anonymous_1)
FN:42,(anonymous_2)
FN:43,(anonymous_3)
FN:72,(anonymous_4)
FN:77,(anonymous_5)
FN:78,(anonymous_6)
FN:82,(anonymous_7)
FNF:8
FNH:0
FNDA:0,(anonymous_0)
FNDA:0,(anonymous_1)
FNDA:0,(anonymous_2)
FNDA:0,(anonymous_3)
FNDA:0,(anonymous_4)
FNDA:0,(anonymous_5)
FNDA:0,(anonymous_6)
FNDA:0,(anonymous_7)
DA:20,0
DA:22,0
DA:23,0
DA:24,0
DA:25,0
DA:27,0
DA:34,0
DA:35,0
DA:40,0
DA:42,0
DA:43,0
DA:45,0
DA:46,0
DA:48,0
DA:58,0
DA:60,0
DA:67,0
DA:72,0
DA:73,0
DA:77,0
DA:78,0
DA:79,0
DA:82,0
DA:85,0
DA:91,0
LF:25
LH:0
BRDA:24,0,0,0
BRDA:24,0,1,0
BRDA:62,1,0,0
BRDA:62,1,1,0
BRF:4
BRH:0
end_of_record
TN:
SF:src\renderer\pages\ADHelper.tsx
FN:51,parseProgressPercent
FN:68,(anonymous_1)
FN:133,(anonymous_2)
FN:139,(anonymous_3)
FN:150,(anonymous_4)
FN:152,(anonymous_5)
FN:160,(anonymous_6)
FN:162,(anonymous_7)
FN:170,(anonymous_8)
FN:176,(anonymous_9)
FN:187,(anonymous_10)
FN:201,(anonymous_11)
FN:212,(anonymous_12)
FN:225,(anonymous_13)
FN:245,(anonymous_14)
FN:246,(anonymous_15)
FN:263,(anonymous_16)
FN:269,(anonymous_17)
FN:285,(anonymous_18)
FN:286,(anonymous_19)
FN:315,(anonymous_20)
FN:342,(anonymous_21)
FN:343,(anonymous_22)
FN:349,(anonymous_23)
FN:364,(anonymous_24)
FN:365,(anonymous_25)
FN:365,(anonymous_26)
FN:375,(anonymous_27)
FN:376,(anonymous_28)
FN:391,(anonymous_29)
FN:392,(anonymous_30)
FN:392,(anonymous_31)
FN:402,(anonymous_32)
FN:403,(anonymous_33)
FN:417,(anonymous_34)
FN:464,(anonymous_35)
FN:484,(anonymous_36)
FN:487,(anonymous_37)
FN:521,(anonymous_38)
FN:548,(anonymous_39)
FN:588,(anonymous_40)
FN:617,(anonymous_41)
FN:683,(anonymous_42)
FN:741,(anonymous_43)
FN:780,(anonymous_44)
FN:819,(anonymous_45)
FN:831,(anonymous_46)
FN:839,(anonymous_47)
FN:864,(anonymous_48)
FN:880,(anonymous_49)
FN:894,(anonymous_50)
FN:902,(anonymous_51)
FN:916,(anonymous_52)
FN:926,(anonymous_53)
FN:936,(anonymous_54)
FN:946,(anonymous_55)
FN:956,(anonymous_56)
FN:966,(anonymous_57)
FN:976,(anonymous_58)
FN:986,(anonymous_59)
FN:998,(anonymous_60)
FN:1009,(anonymous_61)
FN:1016,(anonymous_62)
FN:1032,(anonymous_63)
FN:1039,(anonymous_64)
FN:1053,(anonymous_65)
FN:1056,(anonymous_66)
FN:1080,(anonymous_67)
FN:1116,(anonymous_68)
FN:1174,(anonymous_69)
FN:1188,(anonymous_70)
FN:1196,(anonymous_71)
FN:1212,(anonymous_72)
FN:1224,(anonymous_73)
FN:1261,(anonymous_74)
FN:1277,(anonymous_75)
FN:1291,(anonymous_76)
FN:1299,(anonymous_77)
FN:1315,(anonymous_78)
FN:1330,(anonymous_79)
FN:1351,(anonymous_80)
FN:1405,(anonymous_81)
FN:1419,(anonymous_82)
FN:1427,(anonymous_83)
FN:1445,(anonymous_84)
FN:1456,(anonymous_85)
FNF:86
FNH:0
FNDA:0,parseProgressPercent
FNDA:0,(anonymous_1)
FNDA:0,(anonymous_2)
FNDA:0,(anonymous_3)
FNDA:0,(anonymous_4)
FNDA:0,(anonymous_5)
FNDA:0,(anonymous_6)
FNDA:0,(anonymous_7)
FNDA:0,(anonymous_8)
FNDA:0,(anonymous_9)
FNDA:0,(anonymous_10)
FNDA:0,(anonymous_11)
FNDA:0,(anonymous_12)
FNDA:0,(anonymous_13)
FNDA:0,(anonymous_14)
FNDA:0,(anonymous_15)
FNDA:0,(anonymous_16)
FNDA:0,(anonymous_17)
FNDA:0,(anonymous_18)
FNDA:0,(anonymous_19)
FNDA:0,(anonymous_20)
FNDA:0,(anonymous_21)
FNDA:0,(anonymous_22)
FNDA:0,(anonymous_23)
FNDA:0,(anonymous_24)
FNDA:0,(anonymous_25)
FNDA:0,(anonymous_26)
FNDA:0,(anonymous_27)
FNDA:0,(anonymous_28)
FNDA:0,(anonymous_29)
FNDA:0,(anonymous_30)
FNDA:0,(anonymous_31)
FNDA:0,(anonymous_32)
FNDA:0,(anonymous_33)
FNDA:0,(anonymous_34)
FNDA:0,(anonymous_35)
FNDA:0,(anonymous_36)
FNDA:0,(anonymous_37)
FNDA:0,(anonymous_38)
FNDA:0,(anonymous_39)
FNDA:0,(anonymous_40)
FNDA:0,(anonymous_41)
FNDA:0,(anonymous_42)
FNDA:0,(anonymous_43)
FNDA:0,(anonymous_44)
FNDA:0,(anonymous_45)
FNDA:0,(anonymous_46)
FNDA:0,(anonymous_47)
FNDA:0,(anonymous_48)
FNDA:0,(anonymous_49)
FNDA:0,(anonymous_50)
FNDA:0,(anonymous_51)
FNDA:0,(anonymous_52)
FNDA:0,(anonymous_53)
FNDA:0,(anonymous_54)
FNDA:0,(anonymous_55)
FNDA:0,(anonymous_56)
FNDA:0,(anonymous_57)
FNDA:0,(anonymous_58)
FNDA:0,(anonymous_59)
FNDA:0,(anonymous_60)
FNDA:0,(anonymous_61)
FNDA:0,(anonymous_62)
FNDA:0,(anonymous_63)
FNDA:0,(anonymous_64)
FNDA:0,(anonymous_65)
FNDA:0,(anonymous_66)
FNDA:0,(anonymous_67)
FNDA:0,(anonymous_68)
FNDA:0,(anonymous_69)
FNDA:0,(anonymous_70)
FNDA:0,(anonymous_71)
FNDA:0,(anonymous_72)
FNDA:0,(anonymous_73)
FNDA:0,(anonymous_74)
FNDA:0,(anonymous_75)
FNDA:0,(anonymous_76)
FNDA:0,(anonymous_77)
FNDA:0,(anonymous_78)
FNDA:0,(anonymous_79)
FNDA:0,(anonymous_80)
FNDA:0,(anonymous_81)
FNDA:0,(anonymous_82)
FNDA:0,(anonymous_83)
FNDA:0,(anonymous_84)
FNDA:0,(anonymous_85)
DA:53,0
DA:54,0
DA:55,0
DA:56,0
DA:59,0
DA:60,0
DA:61,0
DA:62,0
DA:63,0
DA:65,0
DA:68,0
DA:69,0
DA:70,0
DA:71,0
DA:72,0
DA:73,0
DA:74,0
DA:75,0
DA:76,0
DA:79,0
DA:80,0
DA:81,0
DA:82,0
DA:83,0
DA:86,0
DA:87,0
DA:88,0
DA:89,0
DA:90,0
DA:104,0
DA:105,0
DA:106,0
DA:107,0
DA:108,0
DA:111,0
DA:112,0
DA:113,0
DA:114,0
DA:115,0
DA:116,0
DA:119,0
DA:120,0
DA:123,0
DA:124,0
DA:125,0
DA:128,0
DA:129,0
DA:130,0
DA:133,0
DA:134,0
DA:135,0
DA:139,0
DA:140,0
DA:141,0
DA:143,0
DA:144,0
DA:145,0
DA:150,0
DA:151,0
DA:152,0
DA:153,0
DA:155,0
DA:160,0
DA:161,0
DA:162,0
DA:163,0
DA:165,0
DA:170,0
DA:171,0
DA:172,0
DA:176,0
DA:177,0
DA:178,0
DA:179,0
DA:180,0
DA:183,0
DA:187,0
DA:188,0
DA:189,0
DA:190,0
DA:191,0
DA:193,0
DA:196,0
DA:197,0
DA:201,0
DA:202,0
DA:203,0
DA:204,0
DA:205,0
DA:208,0
DA:212,0
DA:213,0
DA:214,0
DA:215,0
DA:216,0
DA:218,0
DA:221,0
DA:225,0
DA:226,0
DA:227,0
DA:228,0
DA:231,0
DA:232,0
DA:233,0
DA:236,0
DA:237,0
DA:238,0
DA:239,0
DA:240,0
DA:241,0
DA:243,0
DA:245,0
DA:246,0
DA:247,0
DA:248,0
DA:251,0
DA:253,0
DA:254,0
DA:256,0
DA:257,0
DA:259,0
DA:263,0
DA:264,0
DA:265,0
DA:269,0
DA:270,0
DA:271,0
DA:274,0
DA:275,0
DA:276,0
DA:279,0
DA:280,0
DA:281,0
DA:283,0
DA:285,0
DA:286,0
DA:289,0
DA:292,0
DA:293,0
DA:302,0
DA:304,0
DA:306,0
DA:307,0
DA:308,0
DA:310,0
DA:315,0
DA:317,0
DA:318,0
DA:322,0
DA:323,0
DA:324,0
DA:325,0
DA:326,0
DA:327,0
DA:328,0
DA:329,0
DA:331,0
DA:332,0
DA:333,0
DA:336,0
DA:337,0
DA:338,0
DA:340,0
DA:342,0
DA:343,0
DA:347,0
DA:349,0
DA:352,0
DA:353,0
DA:354,0
DA:356,0
DA:357,0
DA:359,0
DA:364,0
DA:365,0
DA:366,0
DA:367,0
DA:370,0
DA:371,0
DA:372,0
DA:374,0
DA:375,0
DA:376,0
DA:379,0
DA:380,0
DA:381,0
DA:383,0
DA:384,0
DA:386,0
DA:391,0
DA:392,0
DA:393,0
DA:394,0
DA:397,0
DA:398,0
DA:399,0
DA:401,0
DA:402,0
DA:403,0
DA:406,0
DA:407,0
DA:408,0
DA:410,0
DA:411,0
DA:413,0
DA:417,0
DA:419,0
DA:420,0
DA:423,0
DA:424,0
DA:425,0
DA:426,0
DA:427,0
DA:428,0
DA:429,0
DA:430,0
DA:431,0
DA:432,0
DA:433,0
DA:434,0
DA:435,0
DA:438,0
DA:441,0
DA:446,0
DA:464,0
DA:484,0
DA:487,0
DA:522,0
DA:523,0
DA:524,0
DA:525,0
DA:549,0
DA:550,0
DA:562,0
DA:563,0
DA:589,0
DA:590,0
DA:591,0
DA:592,0
DA:618,0
DA:619,0
DA:620,0
DA:621,0
DA:622,0
DA:683,0
DA:742,0
DA:743,0
DA:781,0
DA:819,0
DA:831,0
DA:840,0
DA:865,0
DA:866,0
DA:880,0
DA:894,0
DA:902,0
DA:916,0
DA:926,0
DA:936,0
DA:946,0
DA:956,0
DA:966,0
DA:976,0
DA:986,0
DA:998,0
DA:1009,0
DA:1017,0
DA:1032,0
DA:1040,0
DA:1053,0
DA:1057,0
DA:1081,0
DA:1117,0
DA:1174,0
DA:1188,0
DA:1196,0
DA:1212,0
DA:1225,0
DA:1226,0
DA:1262,0
DA:1263,0
DA:1277,0
DA:1291,0
DA:1299,0
DA:1315,0
DA:1330,0
DA:1352,0
DA:1353,0
DA:1405,0
DA:1419,0
DA:1427,0
DA:1445,0
DA:1456,0
LF:293
LH:0
BRDA:54,0,0,0
BRDA:54,0,1,0
BRDA:56,1,0,0
BRDA:56,1,1,0
BRDA:56,2,0,0
BRDA:56,2,1,0
BRDA:60,3,0,0
BRDA:60,3,1,0
BRDA:63,4,0,0
BRDA:63,4,1,0
BRDA:140,5,0,0
BRDA:140,5,1,0
BRDA:151,6,0,0
BRDA:151,6,1,0
BRDA:153,7,0,0
BRDA:153,7,1,0
BRDA:161,8,0,0
BRDA:161,8,1,0
BRDA:163,9,0,0
BRDA:163,9,1,0
BRDA:171,10,0,0
BRDA:171,10,1,0
BRDA:171,11,0,0
BRDA:171,11,1,0
BRDA:179,12,0,0
BRDA:179,12,1,0
BRDA:179,13,0,0
BRDA:179,13,1,0
BRDA:190,14,0,0
BRDA:190,14,1,0
BRDA:190,15,0,0
BRDA:190,15,1,0
BRDA:204,16,0,0
BRDA:204,16,1,0
BRDA:204,17,0,0
BRDA:204,17,1,0
BRDA:215,18,0,0
BRDA:215,18,1,0
BRDA:218,19,0,0
BRDA:218,19,1,0
BRDA:221,20,0,0
BRDA:221,20,1,0
BRDA:226,21,0,0
BRDA:226,21,1,0
BRDA:231,22,0,0
BRDA:231,22,1,0
BRDA:248,23,0,0
BRDA:248,23,1,0
BRDA:256,24,0,0
BRDA:256,24,1,0
BRDA:270,25,0,0
BRDA:270,25,1,0
BRDA:274,26,0,0
BRDA:274,26,1,0
BRDA:292,27,0,0
BRDA:292,27,1,0
BRDA:299,28,0,0
BRDA:299,28,1,0
BRDA:306,29,0,0
BRDA:306,29,1,0
BRDA:306,29,2,0
BRDA:306,30,0,0
BRDA:306,30,1,0
BRDA:317,31,0,0
BRDA:317,31,1,0
BRDA:317,32,0,0
BRDA:317,32,1,0
BRDA:317,32,2,0
BRDA:317,32,3,0
BRDA:323,33,0,0
BRDA:323,33,1,0
BRDA:324,34,0,0
BRDA:324,34,1,0
BRDA:325,35,0,0
BRDA:325,35,1,0
BRDA:326,36,0,0
BRDA:326,36,1,0
BRDA:327,37,0,0
BRDA:327,37,1,0
BRDA:327,38,0,0
BRDA:327,38,1,0
BRDA:328,39,0,0
BRDA:328,39,1,0
BRDA:328,40,0,0
BRDA:328,40,1,0
BRDA:329,41,0,0
BRDA:329,41,1,0
BRDA:329,42,0,0
BRDA:329,42,1,0
BRDA:331,43,0,0
BRDA:331,43,1,0
BRDA:356,44,0,0
BRDA:356,44,1,0
BRDA:366,45,0,0
BRDA:366,45,1,0
BRDA:383,46,0,0
BRDA:383,46,1,0
BRDA:393,47,0,0
BRDA:393,47,1,0
BRDA:410,48,0,0
BRDA:410,48,1,0
BRDA:423,49,0,0
BRDA:423,49,1,0
BRDA:423,50,0,0
BRDA:423,50,1,0
BRDA:425,51,0,0
BRDA:425,51,1,0
BRDA:425,52,0,0
BRDA:425,52,1,0
BRDA:425,52,2,0
BRDA:427,53,0,0
BRDA:427,53,1,0
BRDA:427,54,0,0
BRDA:427,54,1,0
BRDA:427,54,2,0
BRDA:429,55,0,0
BRDA:429,55,1,0
BRDA:429,56,0,0
BRDA:429,56,1,0
BRDA:431,57,0,0
BRDA:431,57,1,0
BRDA:431,58,0,0
BRDA:431,58,1,0
BRDA:433,59,0,0
BRDA:433,59,1,0
BRDA:433,60,0,0
BRDA:433,60,1,0
BRDA:460,61,0,0
BRDA:460,61,1,0
BRDA:461,62,0,0
BRDA:461,62,1,0
BRDA:464,63,0,0
BRDA:464,63,1,0
BRDA:465,64,0,0
BRDA:465,64,1,0
BRDA:470,65,0,0
BRDA:470,65,1,0
BRDA:487,66,0,0
BRDA:487,66,1,0
BRDA:495,67,0,0
BRDA:495,67,1,0
BRDA:499,68,0,0
BRDA:499,68,1,0
BRDA:532,69,0,0
BRDA:532,69,1,0
BRDA:572,70,0,0
BRDA:572,70,1,0
BRDA:601,71,0,0
BRDA:601,71,1,0
BRDA:632,72,0,0
BRDA:632,72,1,0
BRDA:635,73,0,0
BRDA:635,73,1,0
BRDA:635,73,2,0
BRDA:649,74,0,0
BRDA:649,74,1,0
BRDA:657,75,0,0
BRDA:657,75,1,0
BRDA:665,76,0,0
BRDA:665,76,1,0
BRDA:665,76,2,0
BRDA:680,77,0,0
BRDA:680,77,1,0
BRDA:686,78,0,0
BRDA:686,78,1,0
BRDA:692,79,0,0
BRDA:692,79,1,0
BRDA:692,79,2,0
BRDA:733,80,0,0
BRDA:733,80,1,0
BRDA:733,80,2,0
BRDA:759,81,0,0
BRDA:759,81,1,0
BRDA:759,81,2,0
BRDA:792,82,0,0
BRDA:792,82,1,0
BRDA:792,82,2,0
BRDA:807,83,0,0
BRDA:807,83,1,0
BRDA:807,83,2,0
BRDA:807,83,3,0
BRDA:807,83,4,0
BRDA:819,84,0,0
BRDA:819,84,1,0
BRDA:824,85,0,0
BRDA:824,85,1,0
BRDA:836,86,0,0
BRDA:836,86,1,0
BRDA:837,87,0,0
BRDA:837,87,1,0
BRDA:846,88,0,0
BRDA:846,88,1,0
BRDA:848,89,0,0
BRDA:848,89,1,0
BRDA:849,90,0,0
BRDA:849,90,1,0
BRDA:849,90,2,0
BRDA:850,91,0,0
BRDA:850,91,1,0
BRDA:852,92,0,0
BRDA:852,92,1,0
BRDA:852,92,2,0
BRDA:853,93,0,0
BRDA:853,93,1,0
BRDA:855,94,0,0
BRDA:855,94,1,0
BRDA:855,94,2,0
BRDA:857,95,0,0
BRDA:857,95,1,0
BRDA:857,95,2,0
BRDA:862,96,0,0
BRDA:862,96,1,0
BRDA:878,97,0,0
BRDA:878,97,1,0
BRDA:886,98,0,0
BRDA:886,98,1,0
BRDA:889,99,0,0
BRDA:889,99,1,0
BRDA:893,100,0,0
BRDA:893,100,1,0
BRDA:902,101,0,0
BRDA:902,101,1,0
BRDA:907,102,0,0
BRDA:907,102,1,0
BRDA:1026,103,0,0
BRDA:1026,103,1,0
BRDA:1049,104,0,0
BRDA:1049,104,1,0
BRDA:1073,105,0,0
BRDA:1073,105,1,0
BRDA:1094,106,0,0
BRDA:1094,106,1,0
BRDA:1094,106,2,0
BRDA:1105,107,0,0
BRDA:1105,107,1,0
BRDA:1106,108,0,0
BRDA:1106,108,1,0
BRDA:1113,109,0,0
BRDA:1113,109,1,0
BRDA:1114,110,0,0
BRDA:1114,110,1,0
BRDA:1123,111,0,0
BRDA:1123,111,1,0
BRDA:1125,112,0,0
BRDA:1125,112,1,0
BRDA:1126,113,0,0
BRDA:1126,113,1,0
BRDA:1128,114,0,0
BRDA:1128,114,1,0
BRDA:1128,114,2,0
BRDA:1142,115,0,0
BRDA:1142,115,1,0
BRDA:1148,116,0,0
BRDA:1148,116,1,0
BRDA:1148,116,2,0
BRDA:1154,117,0,0
BRDA:1154,117,1,0
BRDA:1154,117,2,0
BRDA:1154,117,3,0
BRDA:1160,118,0,0
BRDA:1160,118,1,0
BRDA:1160,118,2,0
BRDA:1172,119,0,0
BRDA:1172,119,1,0
BRDA:1180,120,0,0
BRDA:1180,120,1,0
BRDA:1180,120,2,0
BRDA:1180,120,3,0
BRDA:1180,120,4,0
BRDA:1183,121,0,0
BRDA:1183,121,1,0
BRDA:1187,122,0,0
BRDA:1187,122,1,0
BRDA:1196,123,0,0
BRDA:1196,123,1,0
BRDA:1201,124,0,0
BRDA:1201,124,1,0
BRDA:1221,125,0,0
BRDA:1221,125,1,0
BRDA:1222,126,0,0
BRDA:1222,126,1,0
BRDA:1236,127,0,0
BRDA:1236,127,1,0
BRDA:1238,128,0,0
BRDA:1238,128,1,0
BRDA:1239,129,0,0
BRDA:1239,129,1,0
BRDA:1241,130,0,0
BRDA:1241,130,1,0
BRDA:1243,131,0,0
BRDA:1243,131,1,0
BRDA:1252,132,0,0
BRDA:1252,132,1,0
BRDA:1259,133,0,0
BRDA:1259,133,1,0
BRDA:1275,134,0,0
BRDA:1275,134,1,0
BRDA:1283,135,0,0
BRDA:1283,135,1,0
BRDA:1286,136,0,0
BRDA:1286,136,1,0
BRDA:1290,137,0,0
BRDA:1290,137,1,0
BRDA:1299,138,0,0
BRDA:1299,138,1,0
BRDA:1304,139,0,0
BRDA:1304,139,1,0
BRDA:1338,140,0,0
BRDA:1338,140,1,0
BRDA:1345,141,0,0
BRDA:1345,141,1,0
BRDA:1363,142,0,0
BRDA:1363,142,1,0
BRDA:1365,143,0,0
BRDA:1365,143,1,0
BRDA:1365,144,0,0
BRDA:1365,144,1,0
BRDA:1366,145,0,0
BRDA:1366,145,1,0
BRDA:1368,146,0,0
BRDA:1368,146,1,0
BRDA:1370,147,0,0
BRDA:1370,147,1,0
BRDA:1384,148,0,0
BRDA:1384,148,1,0
BRDA:1390,149,0,0
BRDA:1390,149,1,0
BRDA:1403,150,0,0
BRDA:1403,150,1,0
BRDA:1411,151,0,0
BRDA:1411,151,1,0
BRDA:1414,152,0,0
BRDA:1414,152,1,0
BRDA:1418,153,0,0
BRDA:1418,153,1,0
BRDA:1452,154,0,0
BRDA:1452,154,1,0
BRF:337
BRH:0
end_of_record
TN:
SF:src\renderer\pages\Dashboard.tsx
FN:18,(anonymous_0)
FN:65,(anonymous_1)
FNF:2
FNH:2
FNDA:18,(anonymous_0)
FNDA:72,(anonymous_1)
DA:18,1
DA:19,18
DA:26,18
DA:66,72
LF:4
LH:4
BRF:0
BRH:0
end_of_record
TN:
SF:src\renderer\pages\JiraUpdater.tsx
FN:39,(anonymous_0)
FN:56,(anonymous_1)
FN:57,(anonymous_2)
FN:74,(anonymous_3)
FN:76,(anonymous_4)
FN:102,(anonymous_5)
FN:111,(anonymous_6)
FN:172,(anonymous_7)
FN:181,(anonymous_8)
FN:191,(anonymous_9)
FN:205,(anonymous_10)
FN:218,(anonymous_11)
FN:230,(anonymous_12)
FN:242,(anonymous_13)
FN:302,(anonymous_14)
FNF:15
FNH:9
FNDA:93,(anonymous_0)
FNDA:24,(anonymous_1)
FNDA:24,(anonymous_2)
FNDA:24,(anonymous_3)
FNDA:17,(anonymous_4)
FNDA:8,(anonymous_5)
FNDA:8,(anonymous_6)
FNDA:0,(anonymous_7)
FNDA:0,(anonymous_8)
FNDA:0,(anonymous_9)
FNDA:1,(anonymous_10)
FNDA:0,(anonymous_11)
FNDA:0,(anonymous_12)
FNDA:0,(anonymous_13)
FNDA:46,(anonymous_14)
DA:39,1
DA:40,93
DA:41,93
DA:42,93
DA:43,93
DA:44,93
DA:45,93
DA:46,93
DA:47,93
DA:48,93
DA:51,93
DA:52,93
DA:53,93
DA:56,93
DA:57,24
DA:58,24
DA:59,24
DA:60,23
DA:61,20
DA:62,20
DA:63,20
DA:64,20
DA:65,20
DA:68,1
DA:71,24
DA:74,93
DA:76,93
DA:77,17
DA:78,17
DA:79,17
DA:81,17
DA:82,17
DA:83,16
DA:84,1
DA:85,1
DA:86,1
DA:89,15
DA:90,17
DA:91,17
DA:93,17
DA:94,3
DA:97,1
DA:98,1
DA:102,93
DA:103,8
DA:104,7
DA:105,1
DA:106,0
DA:107,0
DA:111,93
DA:112,8
DA:113,8
DA:114,1
DA:115,1
DA:118,7
DA:119,7
DA:120,7
DA:122,7
DA:123,7
DA:130,6
DA:131,1
DA:132,1
DA:133,1
DA:136,5
DA:137,5
DA:138,1
DA:140,4
DA:143,5
DA:144,5
DA:146,1
DA:147,1
DA:151,93
DA:172,0
DA:181,0
DA:191,0
DA:205,1
DA:218,0
DA:230,0
DA:242,0
DA:303,46
LF:80
LH:72
BRDA:60,0,0,20
BRDA:60,0,1,3
BRDA:60,1,0,23
BRDA:60,1,1,23
BRDA:60,1,2,20
BRDA:62,2,0,20
BRDA:62,2,1,0
BRDA:63,3,0,20
BRDA:63,3,1,0
BRDA:64,4,0,20
BRDA:64,4,1,0
BRDA:83,5,0,1
BRDA:83,5,1,15
BRDA:84,6,0,1
BRDA:84,6,1,0
BRDA:89,7,0,15
BRDA:89,7,1,0
BRDA:93,8,0,3
BRDA:93,8,1,14
BRDA:97,9,0,1
BRDA:97,9,1,0
BRDA:103,10,0,7
BRDA:103,10,1,1
BRDA:103,10,2,0
BRDA:103,10,3,0
BRDA:113,11,0,1
BRDA:113,11,1,7
BRDA:130,12,0,1
BRDA:130,12,1,5
BRDA:131,13,0,1
BRDA:131,13,1,0
BRDA:137,14,0,1
BRDA:137,14,1,4
BRDA:146,15,0,1
BRDA:146,15,1,0
BRDA:195,16,0,93
BRDA:195,16,1,69
BRDA:212,17,0,93
BRDA:212,17,1,91
BRDA:224,18,0,93
BRDA:224,18,1,2
BRDA:236,19,0,93
BRDA:236,19,1,0
BRDA:251,20,0,24
BRDA:251,20,1,69
BRDA:253,21,0,93
BRDA:253,21,1,69
BRDA:253,21,2,45
BRDA:253,21,3,45
BRDA:262,22,0,93
BRDA:262,22,1,6
BRDA:268,23,0,93
BRDA:268,23,1,7
BRDA:274,24,0,93
BRDA:274,24,1,23
BRDA:319,25,0,93
BRDA:319,25,1,70
BRDA:319,25,2,53
BRF:58
BRH:47
end_of_record
TN:
SF:src\renderer\pages\Settings.tsx
FN:23,(anonymous_0)
FN:44,(anonymous_1)
FN:49,(anonymous_2)
FN:65,(anonymous_3)
FN:78,(anonymous_4)
FN:95,(anonymous_5)
FN:106,(anonymous_6)
FN:121,(anonymous_7)
FN:132,(anonymous_8)
FN:141,(anonymous_9)
FN:149,(anonymous_10)
FN:157,(anonymous_11)
FN:200,(anonymous_12)
FN:224,(anonymous_13)
FN:235,(anonymous_14)
FN:246,(anonymous_15)
FN:253,(anonymous_16)
FN:309,(anonymous_17)
FN:320,(anonymous_18)
FN:327,(anonymous_19)
FNF:20
FNH:0
FNDA:0,(anonymous_0)
FNDA:0,(anonymous_1)
FNDA:0,(anonymous_2)
FNDA:0,(anonymous_3)
FNDA:0,(anonymous_4)
FNDA:0,(anonymous_5)
FNDA:0,(anonymous_6)
FNDA:0,(anonymous_7)
FNDA:0,(anonymous_8)
FNDA:0,(anonymous_9)
FNDA:0,(anonymous_10)
FNDA:0,(anonymous_11)
FNDA:0,(anonymous_12)
FNDA:0,(anonymous_13)
FNDA:0,(anonymous_14)
FNDA:0,(anonymous_15)
FNDA:0,(anonymous_16)
FNDA:0,(anonymous_17)
FNDA:0,(anonymous_18)
FNDA:0,(anonymous_19)
DA:23,0
DA:25,0
DA:26,0
DA:27,0
DA:28,0
DA:29,0
DA:32,0
DA:33,0
DA:34,0
DA:35,0
DA:38,0
DA:39,0
DA:40,0
DA:41,0
DA:44,0
DA:45,0
DA:46,0
DA:49,0
DA:50,0
DA:51,0
DA:52,0
DA:54,0
DA:55,0
DA:56,0
DA:57,0
DA:58,0
DA:61,0
DA:65,0
DA:66,0
DA:67,0
DA:68,0
DA:69,0
DA:70,0
DA:71,0
DA:74,0
DA:78,0
DA:79,0
DA:80,0
DA:81,0
DA:84,0
DA:85,0
DA:87,0
DA:89,0
DA:90,0
DA:92,0
DA:93,0
DA:94,0
DA:95,0
DA:97,0
DA:100,0
DA:102,0
DA:106,0
DA:107,0
DA:108,0
DA:109,0
DA:112,0
DA:113,0
DA:115,0
DA:116,0
DA:118,0
DA:119,0
DA:120,0
DA:121,0
DA:123,0
DA:126,0
DA:128,0
DA:132,0
DA:133,0
DA:134,0
DA:135,0
DA:136,0
DA:137,0
DA:138,0
DA:139,0
DA:140,0
DA:141,0
DA:143,0
DA:145,0
DA:149,0
DA:150,0
DA:151,0
DA:152,0
DA:153,0
DA:154,0
DA:155,0
DA:156,0
DA:157,0
DA:159,0
DA:161,0
DA:165,0
DA:200,0
DA:224,0
DA:235,0
DA:246,0
DA:253,0
DA:309,0
DA:320,0
DA:327,0
LF:98
LH:0
BRDA:52,0,0,0
BRDA:52,0,1,0
BRDA:52,1,0,0
BRDA:52,1,1,0
BRDA:52,1,2,0
BRDA:55,2,0,0
BRDA:55,2,1,0
BRDA:56,3,0,0
BRDA:56,3,1,0
BRDA:57,4,0,0
BRDA:57,4,1,0
BRDA:68,5,0,0
BRDA:68,5,1,0
BRDA:68,6,0,0
BRDA:68,6,1,0
BRDA:68,6,2,0
BRDA:79,7,0,0
BRDA:79,7,1,0
BRDA:79,8,0,0
BRDA:79,8,1,0
BRDA:79,8,2,0
BRDA:92,9,0,0
BRDA:92,9,1,0
BRDA:97,10,0,0
BRDA:97,10,1,0
BRDA:100,11,0,0
BRDA:100,11,1,0
BRDA:107,12,0,0
BRDA:107,12,1,0
BRDA:107,13,0,0
BRDA:107,13,1,0
BRDA:118,14,0,0
BRDA:118,14,1,0
BRDA:123,15,0,0
BRDA:123,15,1,0
BRDA:126,16,0,0
BRDA:126,16,1,0
BRDA:171,17,0,0
BRDA:171,17,1,0
BRDA:174,18,0,0
BRDA:174,18,1,0
BRDA:181,19,0,0
BRDA:181,19,1,0
BRDA:187,20,0,0
BRDA:187,20,1,0
BRDA:193,21,0,0
BRDA:193,21,1,0
BRDA:199,22,0,0
BRDA:199,22,1,0
BRDA:213,23,0,0
BRDA:213,23,1,0
BRDA:244,24,0,0
BRDA:244,24,1,0
BRDA:256,25,0,0
BRDA:256,25,1,0
BRDA:276,26,0,0
BRDA:276,26,1,0
BRDA:298,27,0,0
BRDA:298,27,1,0
BRDA:318,28,0,0
BRDA:318,28,1,0
BRDA:330,29,0,0
BRDA:330,29,1,0
BRDA:350,30,0,0
BRDA:350,30,1,0
BRF:65
BRH:0
end_of_record
TN:
SF:src\renderer\services\jiraService.ts
FNF:0
FNH:0
LF:0
LH:0
BRF:0
BRH:0
end_of_record
TN:
SF:src\renderer\theme\rehrigTheme.ts
FN:23,(anonymous_0)
FNF:1
FNH:1
FNDA:42,(anonymous_0)
DA:23,2
DA:24,42
DA:26,42
DA:156,42
LF:4
LH:4
BRDA:30,0,0,41
BRDA:30,0,1,1
BRDA:31,1,0,41
BRDA:31,1,1,1
BRDA:32,2,0,41
BRDA:32,2,1,1
BRDA:39,3,0,41
BRDA:39,3,1,1
BRDA:62,4,0,41
BRDA:62,4,1,1
BRDA:63,5,0,41
BRDA:63,5,1,1
BRDA:66,6,0,41
BRDA:66,6,1,1
BRDA:67,7,0,41
BRDA:67,7,1,1
BRDA:68,8,0,41
BRDA:68,8,1,1
BRDA:70,9,0,41
BRDA:70,9,1,1
BRDA:137,10,0,41
BRDA:137,10,1,1
BRDA:140,11,0,41
BRDA:140,11,1,1
BRDA:143,12,0,41
BRDA:143,12,1,1
BRDA:146,13,0,41
BRDA:146,13,1,1
BRDA:150,14,0,41
BRDA:150,14,1,1
BRF:30
BRH:30
end_of_record
TN:
SF:src\renderer\utils\validation.ts
FN:7,isValidUsernameOrEmail
FN:14,isValidName
FN:20,isValidEmail
FN:26,isValidDN
FNF:4
FNH:4
FNDA:11,isValidUsernameOrEmail
FNDA:9,isValidName
FNDA:8,isValidEmail
FNDA:8,isValidDN
DA:8,11
DA:10,10
DA:15,9
DA:16,8
DA:21,8
DA:22,7
DA:27,8
DA:29,6
LF:8
LH:8
BRDA:8,0,0,1
BRDA:8,0,1,10
BRDA:15,1,0,1
BRDA:15,1,1,8
BRDA:21,2,0,1
BRDA:21,2,1,7
BRDA:27,3,0,2
BRDA:27,3,1,6
BRDA:27,4,0,8
BRDA:27,4,1,7
BRF:10
BRH:10
end_of_record
